<?xml version="1.0" encoding="UTF-8"?>
<!-- Generated by org.testng.reporters.JUnitReportReporter -->
<testsuite skipped="0" hostname="LAPTOP-MO1EJARF" name="RestClient.JiraAPIs" tests="1" failures="0" timestamp="20 Sep 2020 17:30:56 GMT" time="1.330" errors="0">
  <testcase name="addCommentAPI" time="1.330" classname="RestClient.JiraAPIs"/>
</testsuite> <!-- RestClient.JiraAPIs -->
