<?xml version="1.0" encoding="UTF-8"?>
<!-- Generated by org.testng.reporters.JUnitReportReporter -->
<testsuite skipped="0" hostname="LAPTOP-MO1EJARF" name="RestClient.JsonParameterisation" tests="4" failures="0" timestamp="18 Sep 2020 12:40:28 GMT" time="3.212" errors="0">
  <testcase name="addPlace" time="0.380" classname="RestClient.JsonParameterisation"/>
  <testcase name="addPlace" time="0.424" classname="RestClient.JsonParameterisation"/>
  <testcase name="addPlace" time="1.963" classname="RestClient.JsonParameterisation"/>
  <testcase name="staticJsonTest" time="0.445" classname="RestClient.JsonParameterisation"/>
</testsuite> <!-- RestClient.JsonParameterisation -->
